
====================================================
  OpenCL Batched Causal Ablation Engine
====================================================

  Configuration:
    Embed dim:       128
    Seq len:         32
    Num heads:       4
    Interventions:   64
    Batch size:      32
    Iterations:      5
    Use map/unmap:   no
    Profiling:       on

  Warming up (2 iters)...
  Running 5 timed iterations...
    Iter 1: 0.066784 ms
    Iter 2: 0.0552 ms
    Iter 3: 0.056896 ms
    Iter 4: 0.058688 ms
  [Profile] Forward pass: 0.033472 ms
  [Profile] Ablation batch 0: 0.008544 ms
  [Profile] Ablation batch 1: 0.018464 ms
  [Profile] Scoring: 0.010016 ms
    Iter 5: 0.070496 ms

  Results:
    Avg GPU time:    0.0616128 ms
    Throughput:      1.03875e+06 iv/sec

  Top 10 causal scores:
    #1  iv=47  score=23.8482
    #2  iv=27  score=23.8482
    #3  iv=29  score=23.8482
    #4  iv=31  score=23.8482
    #5  iv=32  score=23.8482
    #6  iv=35  score=23.8482
    #7  iv=38  score=23.8482
    #8  iv=40  score=23.8482
    #9  iv=41  score=23.8482
    #10  iv=17  score=23.8482

====================================================

