====================================================================
  CUDA Batched Causal Ablation Engine
  EN605.617 — GPU Computing
  Libraries: cuBLAS + Thrust
====================================================================
  GPU: Tesla T4
  Compute: 7.5
  SMs: 40  |  Mem: 14.6 GB
====================================================================

  Model Configuration:
    embed_dim      = 128
    num_heads      = 4
    head_dim       = 32
    seq_len        = 32
    mlp_dim        = 512
    num_components = 4 + 1 = 5
    vocab_size     = 64

  Initializing model weights...
  Clean logit (tok 0): 0.798015


====================================================================
           CORRECTNESS VALIDATION
====================================================================
  Interventions : 64
  Batch size    : 32
  Tolerance     : 1.0e-03
--------------------------------------------------------------------
  Running sequential baseline...
    Sequential time: 15.65 ms
  Running batched engine...
    Batched time:    5.21 ms
--------------------------------------------------------------------
  Max abs error  : 0.000000e+00
  Mean abs error : 0.000000e+00
  Mismatches     : 0 / 64
  Result         : PASS
====================================================================

  Mean |causal score| (seq) : 0.004391
  Top-5 most important:
    #1: iv 32 (comp=1 tok=0) score=0.190695
    #2: iv 0 (comp=0 tok=0) score=0.090327
    #3: iv 1 (comp=0 tok=1) score=0.000000
    #4: iv 2 (comp=0 tok=2) score=0.000000
    #5: iv 3 (comp=0 tok=3) score=0.000000


====================================================================
               BENCHMARK RESULTS
====================================================================
N_IV     BATCH    TIME (ms)      IV/sec             SPEEDUP   
--------------------------------------------------------------------
64       seq      10.13          6319.3             1.00x     
64       32       2.38           26876.9            4.25x
64       64       2.20           29136.8            4.61x
--------------------------------------------------------------------
256      seq      40.51          6319.8             1.00x     
256      32       9.22           27768.2            4.39x
256      64       8.51           30081.9            4.76x
256      128      8.44           30349.6            4.80x
256      256      8.21           31169.9            4.93x
--------------------------------------------------------------------
1024     seq      147.33         6950.6             1.00x     
1024     32       31.18          32838.2            4.72x
1024     64       26.25          39003.0            5.61x
1024     128      25.43          40263.7            5.79x
1024     256      25.54          40088.6            5.77x
--------------------------------------------------------------------
4096     seq      461.55         8874.5             1.00x     
4096     32       125.36         32674.3            3.68x
4096     64       105.46         38838.7            4.38x
4096     128      102.15         40099.4            4.52x
4096     256      101.78         40242.9            4.53x
--------------------------------------------------------------------

Done.
